# JRE version: Java(TM) SE Runtime Environment (8.0_202-b08) (build 1.8.0_202-b08)
# Java VM: Java HotSpot(TM) 64-Bit Server VM (25.202-b08 mixed mode windows-amd64 compressed oops)
Heap:
 PSYoungGen      total 37888K, used 16594K [0x00000000d6400000, 0x00000000d8e00000, 0x0000000100000000)
  eden space 32768K, 50% used [0x00000000d6400000,0x00000000d7434a30,0x00000000d8400000)
  from space 5120K, 0% used [0x00000000d8900000,0x00000000d8900000,0x00000000d8e00000)
  to   space 5120K, 0% used [0x00000000d8400000,0x00000000d8400000,0x00000000d8900000)
 ParOldGen       total 59904K, used 6307K [0x0000000082c00000, 0x0000000086680000, 0x00000000d6400000)
  object space 59904K, 10% used [0x0000000082c00000,0x0000000083228e80,0x0000000086680000)
 Metaspace       used 18945K, capacity 19601K, committed 19840K, reserved 1067008K
  class space    used 2709K, capacity 2881K, committed 2944K, reserved 1048576K
GC Heap History (6 events):
Event: 1.481 GC heap before
{Heap before GC invocations=1 (full 0):
 PSYoungGen      total 37888K, used 32768K [0x00000000d6400000, 0x00000000d8e00000, 0x0000000100000000)
  eden space 32768K, 100% used [0x00000000d6400000,0x00000000d8400000,0x00000000d8400000)
  from space 5120K, 0% used [0x00000000d8900000,0x00000000d8900000,0x00000000d8e00000)
  to   space 5120K, 0% used [0x00000000d8400000,0x00000000d8400000,0x00000000d8900000)
 ParOldGen       total 86016K, used 0K [0x0000000082c00000, 0x0000000088000000, 0x00000000d6400000)
  object space 86016K, 0% used [0x0000000082c00000,0x0000000082c00000,0x0000000088000000)
 Metaspace       used 12975K, capacity 13384K, committed 13568K, reserved 1060864K
  class space    used 1646K, capacity 1778K, committed 1792K, reserved 1048576K
Event: 1.490 GC heap after
Heap after GC invocations=1 (full 0):
 PSYoungGen      total 37888K, used 5107K [0x00000000d6400000, 0x00000000d8e00000, 0x0000000100000000)
  eden space 32768K, 0% used [0x00000000d6400000,0x00000000d6400000,0x00000000d8400000)
  from space 5120K, 99% used [0x00000000d8400000,0x00000000d88fcef0,0x00000000d8900000)
  to   space 5120K, 0% used [0x00000000d8900000,0x00000000d8900000,0x00000000d8e00000)
 ParOldGen       total 86016K, used 712K [0x0000000082c00000, 0x0000000088000000, 0x00000000d6400000)
  object space 86016K, 0% used [0x0000000082c00000,0x0000000082cb2010,0x0000000088000000)
 Metaspace       used 12975K, capacity 13384K, committed 13568K, reserved 1060864K
  class space    used 1646K, capacity 1778K, committed 1792K, reserved 1048576K
}
Event: 1.886 GC heap before
{Heap before GC invocations=2 (full 0):
 PSYoungGen      total 37888K, used 20556K [0x00000000d6400000, 0x00000000d8e00000, 0x0000000100000000)
  eden space 32768K, 47% used [0x00000000d6400000,0x00000000d7316338,0x00000000d8400000)
  from space 5120K, 99% used [0x00000000d8400000,0x00000000d88fcef0,0x00000000d8900000)
  to   space 5120K, 0% used [0x00000000d8900000,0x00000000d8900000,0x00000000d8e00000)
 ParOldGen       total 86016K, used 712K [0x0000000082c00000, 0x0000000088000000, 0x00000000d6400000)
  object space 86016K, 0% used [0x0000000082c00000,0x0000000082cb2010,0x0000000088000000)
 Metaspace       used 15767K, capacity 16221K, committed 16384K, reserved 1062912K
  class space    used 2177K, capacity 2304K, committed 2304K, reserved 1048576K
Event: 1.893 GC heap after
Heap after GC invocations=2 (full 0):
 PSYoungGen      total 37888K, used 5110K [0x00000000d6400000, 0x00000000d8e00000, 0x0000000100000000)
  eden space 32768K, 0% used [0x00000000d6400000,0x00000000d6400000,0x00000000d8400000)
  from space 5120K, 99% used [0x00000000d8900000,0x00000000d8dfd9e8,0x00000000d8e00000)
  to   space 5120K, 0% used [0x00000000d8400000,0x00000000d8400000,0x00000000d8900000)
 ParOldGen       total 86016K, used 1340K [0x0000000082c00000, 0x0000000088000000, 0x00000000d6400000)
  object space 86016K, 1% used [0x0000000082c00000,0x0000000082d4f020,0x0000000088000000)
 Metaspace       used 15767K, capacity 16221K, committed 16384K, reserved 1062912K
  class space    used 2177K, capacity 2304K, committed 2304K, reserved 1048576K
}
Event: 1.893 GC heap before
{Heap before GC invocations=3 (full 1):
 PSYoungGen      total 37888K, used 5110K [0x00000000d6400000, 0x00000000d8e00000, 0x0000000100000000)
  eden space 32768K, 0% used [0x00000000d6400000,0x00000000d6400000,0x00000000d8400000)
  from space 5120K, 99% used [0x00000000d8900000,0x00000000d8dfd9e8,0x00000000d8e00000)
  to   space 5120K, 0% used [0x00000000d8400000,0x00000000d8400000,0x00000000d8900000)
 ParOldGen       total 86016K, used 1340K [0x0000000082c00000, 0x0000000088000000, 0x00000000d6400000)
  object space 86016K, 1% used [0x0000000082c00000,0x0000000082d4f020,0x0000000088000000)
 Metaspace       used 15767K, capacity 16221K, committed 16384K, reserved 1062912K
  class space    used 2177K, capacity 2304K, committed 2304K, reserved 1048576K
Event: 1.923 GC heap after
Heap after GC invocations=3 (full 1):
 PSYoungGen      total 37888K, used 0K [0x00000000d6400000, 0x00000000d8e00000, 0x0000000100000000)
  eden space 32768K, 0% used [0x00000000d6400000,0x00000000d6400000,0x00000000d8400000)
  from space 5120K, 0% used [0x00000000d8900000,0x00000000d8900000,0x00000000d8e00000)
  to   space 5120K, 0% used [0x00000000d8400000,0x00000000d8400000,0x00000000d8900000)
 ParOldGen       total 59904K, used 6307K [0x0000000082c00000, 0x0000000086680000, 0x00000000d6400000)
  object space 59904K, 10% used [0x0000000082c00000,0x0000000083228e80,0x0000000086680000)
 Metaspace       used 15767K, capacity 16221K, committed 16384K, reserved 1062912K
  class space    used 2177K, capacity 2304K, committed 2304K, reserved 1048576K
}

