# JRE version: Java(TM) SE Runtime Environment (8.0_202-b08) (build 1.8.0_202-b08)
# Java VM: Java HotSpot(TM) 64-Bit Server VM (25.202-b08 mixed mode windows-amd64 compressed oops)
Heap:
 PSYoungGen      total 34304K, used 24592K [0x00000000d6400000, 0x00000000d8d00000, 0x0000000100000000)
  eden space 26624K, 70% used [0x00000000d6400000,0x00000000d76740f0,0x00000000d7e00000)
  from space 7680K, 74% used [0x00000000d8580000,0x00000000d8b10000,0x00000000d8d00000)
  to   space 7680K, 0% used [0x00000000d7e00000,0x00000000d7e00000,0x00000000d8580000)
 ParOldGen       total 83456K, used 27865K [0x0000000082c00000, 0x0000000087d80000, 0x00000000d6400000)
  object space 83456K, 33% used [0x0000000082c00000,0x0000000084736740,0x0000000087d80000)
 Metaspace       used 22088K, capacity 22830K, committed 22912K, reserved 1069056K
  class space    used 2971K, capacity 3147K, committed 3200K, reserved 1048576K
GC Heap History (10 events):
Event: 252.040 GC heap before
{Heap before GC invocations=95 (full 1):
 PSYoungGen      total 32768K, used 32448K [0x00000000d6400000, 0x00000000d8a80000, 0x0000000100000000)
  eden space 27136K, 100% used [0x00000000d6400000,0x00000000d7e80000,0x00000000d7e80000)
  from space 5632K, 94% used [0x00000000d7e80000,0x00000000d83b0000,0x00000000d8400000)
  to   space 6144K, 0% used [0x00000000d8480000,0x00000000d8480000,0x00000000d8a80000)
 ParOldGen       total 83456K, used 26897K [0x0000000082c00000, 0x0000000087d80000, 0x00000000d6400000)
  object space 83456K, 32% used [0x0000000082c00000,0x0000000084644740,0x0000000087d80000)
 Metaspace       used 22059K, capacity 22830K, committed 22912K, reserved 1069056K
  class space    used 2971K, capacity 3147K, committed 3200K, reserved 1048576K
Event: 252.049 GC heap after
Heap after GC invocations=95 (full 1):
 PSYoungGen      total 33280K, used 4032K [0x00000000d6400000, 0x00000000d8a80000, 0x0000000100000000)
  eden space 27136K, 0% used [0x00000000d6400000,0x00000000d6400000,0x00000000d7e80000)
  from space 6144K, 65% used [0x00000000d8480000,0x00000000d8870000,0x00000000d8a80000)
  to   space 6144K, 0% used [0x00000000d7e80000,0x00000000d7e80000,0x00000000d8480000)
 ParOldGen       total 83456K, used 27657K [0x0000000082c00000, 0x0000000087d80000, 0x00000000d6400000)
  object space 83456K, 33% used [0x0000000082c00000,0x0000000084702740,0x0000000087d80000)
 Metaspace       used 22059K, capacity 22830K, committed 22912K, reserved 1069056K
  class space    used 2971K, capacity 3147K, committed 3200K, reserved 1048576K
}
Event: 254.493 GC heap before
{Heap before GC invocations=96 (full 1):
 PSYoungGen      total 33280K, used 31168K [0x00000000d6400000, 0x00000000d8a80000, 0x0000000100000000)
  eden space 27136K, 100% used [0x00000000d6400000,0x00000000d7e80000,0x00000000d7e80000)
  from space 6144K, 65% used [0x00000000d8480000,0x00000000d8870000,0x00000000d8a80000)
  to   space 6144K, 0% used [0x00000000d7e80000,0x00000000d7e80000,0x00000000d8480000)
 ParOldGen       total 83456K, used 27657K [0x0000000082c00000, 0x0000000087d80000, 0x00000000d6400000)
  object space 83456K, 33% used [0x0000000082c00000,0x0000000084702740,0x0000000087d80000)
 Metaspace       used 22062K, capacity 22830K, committed 22912K, reserved 1069056K
  class space    used 2971K, capacity 3147K, committed 3200K, reserved 1048576K
Event: 254.499 GC heap after
Heap after GC invocations=96 (full 1):
 PSYoungGen      total 33280K, used 4736K [0x00000000d6400000, 0x00000000d8b80000, 0x0000000100000000)
  eden space 27136K, 0% used [0x00000000d6400000,0x00000000d6400000,0x00000000d7e80000)
  from space 6144K, 77% used [0x00000000d7e80000,0x00000000d8320000,0x00000000d8480000)
  to   space 6656K, 0% used [0x00000000d8500000,0x00000000d8500000,0x00000000d8b80000)
 ParOldGen       total 83456K, used 27825K [0x0000000082c00000, 0x0000000087d80000, 0x00000000d6400000)
  object space 83456K, 33% used [0x0000000082c00000,0x000000008472c740,0x0000000087d80000)
 Metaspace       used 22062K, capacity 22830K, committed 22912K, reserved 1069056K
  class space    used 2971K, capacity 3147K, committed 3200K, reserved 1048576K
}
Event: 256.800 GC heap before
{Heap before GC invocations=97 (full 1):
 PSYoungGen      total 33280K, used 31872K [0x00000000d6400000, 0x00000000d8b80000, 0x0000000100000000)
  eden space 27136K, 100% used [0x00000000d6400000,0x00000000d7e80000,0x00000000d7e80000)
  from space 6144K, 77% used [0x00000000d7e80000,0x00000000d8320000,0x00000000d8480000)
  to   space 6656K, 0% used [0x00000000d8500000,0x00000000d8500000,0x00000000d8b80000)
 ParOldGen       total 83456K, used 27825K [0x0000000082c00000, 0x0000000087d80000, 0x00000000d6400000)
  object space 83456K, 33% used [0x0000000082c00000,0x000000008472c740,0x0000000087d80000)
 Metaspace       used 22077K, capacity 22830K, committed 22912K, reserved 1069056K
  class space    used 2971K, capacity 3147K, committed 3200K, reserved 1048576K
Event: 256.818 GC heap after
Heap after GC invocations=97 (full 1):
 PSYoungGen      total 33280K, used 5696K [0x00000000d6400000, 0x00000000d8c80000, 0x0000000100000000)
  eden space 26624K, 0% used [0x00000000d6400000,0x00000000d6400000,0x00000000d7e00000)
  from space 6656K, 85% used [0x00000000d8500000,0x00000000d8a90000,0x00000000d8b80000)
  to   space 7168K, 0% used [0x00000000d7e00000,0x00000000d7e00000,0x00000000d8500000)
 ParOldGen       total 83456K, used 27841K [0x0000000082c00000, 0x0000000087d80000, 0x00000000d6400000)
  object space 83456K, 33% used [0x0000000082c00000,0x0000000084730740,0x0000000087d80000)
 Metaspace       used 22077K, capacity 22830K, committed 22912K, reserved 1069056K
  class space    used 2971K, capacity 3147K, committed 3200K, reserved 1048576K
}
Event: 258.800 GC heap before
{Heap before GC invocations=98 (full 1):
 PSYoungGen      total 33280K, used 32320K [0x00000000d6400000, 0x00000000d8c80000, 0x0000000100000000)
  eden space 26624K, 100% used [0x00000000d6400000,0x00000000d7e00000,0x00000000d7e00000)
  from space 6656K, 85% used [0x00000000d8500000,0x00000000d8a90000,0x00000000d8b80000)
  to   space 7168K, 0% used [0x00000000d7e00000,0x00000000d7e00000,0x00000000d8500000)
 ParOldGen       total 83456K, used 27841K [0x0000000082c00000, 0x0000000087d80000, 0x00000000d6400000)
  object space 83456K, 33% used [0x0000000082c00000,0x0000000084730740,0x0000000087d80000)
 Metaspace       used 22077K, capacity 22830K, committed 22912K, reserved 1069056K
  class space    used 2971K, capacity 3147K, committed 3200K, reserved 1048576K
Event: 258.810 GC heap after
Heap after GC invocations=98 (full 1):
 PSYoungGen      total 33792K, used 5696K [0x00000000d6400000, 0x00000000d8d00000, 0x0000000100000000)
  eden space 26624K, 0% used [0x00000000d6400000,0x00000000d6400000,0x00000000d7e00000)
  from space 7168K, 79% used [0x00000000d7e00000,0x00000000d8390000,0x00000000d8500000)
  to   space 7680K, 0% used [0x00000000d8580000,0x00000000d8580000,0x00000000d8d00000)
 ParOldGen       total 83456K, used 27849K [0x0000000082c00000, 0x0000000087d80000, 0x00000000d6400000)
  object space 83456K, 33% used [0x0000000082c00000,0x0000000084732740,0x0000000087d80000)
 Metaspace       used 22077K, capacity 22830K, committed 22912K, reserved 1069056K
  class space    used 2971K, capacity 3147K, committed 3200K, reserved 1048576K
}
Event: 260.807 GC heap before
{Heap before GC invocations=99 (full 1):
 PSYoungGen      total 33792K, used 32320K [0x00000000d6400000, 0x00000000d8d00000, 0x0000000100000000)
  eden space 26624K, 100% used [0x00000000d6400000,0x00000000d7e00000,0x00000000d7e00000)
  from space 7168K, 79% used [0x00000000d7e00000,0x00000000d8390000,0x00000000d8500000)
  to   space 7680K, 0% used [0x00000000d8580000,0x00000000d8580000,0x00000000d8d00000)
 ParOldGen       total 83456K, used 27849K [0x0000000082c00000, 0x0000000087d80000, 0x00000000d6400000)
  object space 83456K, 33% used [0x0000000082c00000,0x0000000084732740,0x0000000087d80000)
 Metaspace       used 22079K, capacity 22830K, committed 22912K, reserved 1069056K
  class space    used 2971K, capacity 3147K, committed 3200K, reserved 1048576K
Event: 260.813 GC heap after
Heap after GC invocations=99 (full 1):
 PSYoungGen      total 34304K, used 5696K [0x00000000d6400000, 0x00000000d8d00000, 0x0000000100000000)
  eden space 26624K, 0% used [0x00000000d6400000,0x00000000d6400000,0x00000000d7e00000)
  from space 7680K, 74% used [0x00000000d8580000,0x00000000d8b10000,0x00000000d8d00000)
  to   space 7680K, 0% used [0x00000000d7e00000,0x00000000d7e00000,0x00000000d8580000)
 ParOldGen       total 83456K, used 27865K [0x0000000082c00000, 0x0000000087d80000, 0x00000000d6400000)
  object space 83456K, 33% used [0x0000000082c00000,0x0000000084736740,0x0000000087d80000)
 Metaspace       used 22079K, capacity 22830K, committed 22912K, reserved 1069056K
  class space    used 2971K, capacity 3147K, committed 3200K, reserved 1048576K
}

