# JRE version: Java(TM) SE Runtime Environment (8.0_202-b08) (build 1.8.0_202-b08)
# Java VM: Java HotSpot(TM) 64-Bit Server VM (25.202-b08 mixed mode windows-amd64 compressed oops)
Heap:
 PSYoungGen      total 315392K, used 78137K [0x00000000d6400000, 0x00000000eaf00000, 0x0000000100000000)
  eden space 291840K, 21% used [0x00000000d6400000,0x00000000da28c710,0x00000000e8100000)
  from space 23552K, 59% used [0x00000000e9800000,0x00000000ea5c1f80,0x00000000eaf00000)
  to   space 23552K, 0% used [0x00000000e8100000,0x00000000e8100000,0x00000000e9800000)
 ParOldGen       total 96768K, used 63424K [0x0000000082c00000, 0x0000000088a80000, 0x00000000d6400000)
  object space 96768K, 65% used [0x0000000082c00000,0x00000000869f02b0,0x0000000088a80000)
 Metaspace       used 22230K, capacity 23026K, committed 23168K, reserved 1069056K
  class space    used 2974K, capacity 3147K, committed 3200K, reserved 1048576K
GC Heap History (10 events):
Event: 1473.873 GC heap before
{Heap before GC invocations=608 (full 2):
 PSYoungGen      total 300032K, used 282644K [0x00000000d6400000, 0x00000000eaa00000, 0x0000000100000000)
  eden space 271360K, 100% used [0x00000000d6400000,0x00000000e6d00000,0x00000000e6d00000)
  from space 28672K, 39% used [0x00000000e6d00000,0x00000000e7805340,0x00000000e8900000)
  to   space 27648K, 0% used [0x00000000e8f00000,0x00000000e8f00000,0x00000000eaa00000)
 ParOldGen       total 96768K, used 63288K [0x0000000082c00000, 0x0000000088a80000, 0x00000000d6400000)
  object space 96768K, 65% used [0x0000000082c00000,0x00000000869ce2b0,0x0000000088a80000)
 Metaspace       used 22230K, capacity 23026K, committed 23168K, reserved 1069056K
  class space    used 2974K, capacity 3147K, committed 3200K, reserved 1048576K
Event: 1473.884 GC heap after
Heap after GC invocations=608 (full 2):
 PSYoungGen      total 303104K, used 9388K [0x00000000d6400000, 0x00000000ea780000, 0x0000000100000000)
  eden space 278016K, 0% used [0x00000000d6400000,0x00000000d6400000,0x00000000e7380000)
  from space 25088K, 37% used [0x00000000e8f00000,0x00000000e982b120,0x00000000ea780000)
  to   space 26624K, 0% used [0x00000000e7380000,0x00000000e7380000,0x00000000e8d80000)
 ParOldGen       total 96768K, used 63320K [0x0000000082c00000, 0x0000000088a80000, 0x00000000d6400000)
  object space 96768K, 65% used [0x0000000082c00000,0x00000000869d62b0,0x0000000088a80000)
 Metaspace       used 22230K, capacity 23026K, committed 23168K, reserved 1069056K
  class space    used 2974K, capacity 3147K, committed 3200K, reserved 1048576K
}
Event: 1482.951 GC heap before
{Heap before GC invocations=609 (full 2):
 PSYoungGen      total 303104K, used 287404K [0x00000000d6400000, 0x00000000ea780000, 0x0000000100000000)
  eden space 278016K, 100% used [0x00000000d6400000,0x00000000e7380000,0x00000000e7380000)
  from space 25088K, 37% used [0x00000000e8f00000,0x00000000e982b120,0x00000000ea780000)
  to   space 26624K, 0% used [0x00000000e7380000,0x00000000e7380000,0x00000000e8d80000)
 ParOldGen       total 96768K, used 63320K [0x0000000082c00000, 0x0000000088a80000, 0x00000000d6400000)
  object space 96768K, 65% used [0x0000000082c00000,0x00000000869d62b0,0x0000000088a80000)
 Metaspace       used 22230K, capacity 23026K, committed 23168K, reserved 1069056K
  class space    used 2974K, capacity 3147K, committed 3200K, reserved 1048576K
Event: 1482.962 GC heap after
Heap after GC invocations=609 (full 2):
 PSYoungGen      total 304640K, used 12375K [0x00000000d6400000, 0x00000000eac80000, 0x0000000100000000)
  eden space 278016K, 0% used [0x00000000d6400000,0x00000000d6400000,0x00000000e7380000)
  from space 26624K, 46% used [0x00000000e7380000,0x00000000e7f95ed0,0x00000000e8d80000)
  to   space 25600K, 0% used [0x00000000e9380000,0x00000000e9380000,0x00000000eac80000)
 ParOldGen       total 96768K, used 63344K [0x0000000082c00000, 0x0000000088a80000, 0x00000000d6400000)
  object space 96768K, 65% used [0x0000000082c00000,0x00000000869dc2b0,0x0000000088a80000)
 Metaspace       used 22230K, capacity 23026K, committed 23168K, reserved 1069056K
  class space    used 2974K, capacity 3147K, committed 3200K, reserved 1048576K
}
Event: 1492.915 GC heap before
{Heap before GC invocations=610 (full 2):
 PSYoungGen      total 304640K, used 290391K [0x00000000d6400000, 0x00000000eac80000, 0x0000000100000000)
  eden space 278016K, 100% used [0x00000000d6400000,0x00000000e7380000,0x00000000e7380000)
  from space 26624K, 46% used [0x00000000e7380000,0x00000000e7f95ed0,0x00000000e8d80000)
  to   space 25600K, 0% used [0x00000000e9380000,0x00000000e9380000,0x00000000eac80000)
 ParOldGen       total 96768K, used 63344K [0x0000000082c00000, 0x0000000088a80000, 0x00000000d6400000)
  object space 96768K, 65% used [0x0000000082c00000,0x00000000869dc2b0,0x0000000088a80000)
 Metaspace       used 22230K, capacity 23026K, committed 23168K, reserved 1069056K
  class space    used 2974K, capacity 3147K, committed 3200K, reserved 1048576K
Event: 1492.925 GC heap after
Heap after GC invocations=610 (full 2):
 PSYoungGen      total 308736K, used 9270K [0x00000000d6400000, 0x00000000eab00000, 0x0000000100000000)
  eden space 284672K, 0% used [0x00000000d6400000,0x00000000d6400000,0x00000000e7a00000)
  from space 24064K, 38% used [0x00000000e9380000,0x00000000e9c8d8b0,0x00000000eab00000)
  to   space 25088K, 0% used [0x00000000e7a00000,0x00000000e7a00000,0x00000000e9280000)
 ParOldGen       total 96768K, used 63368K [0x0000000082c00000, 0x0000000088a80000, 0x00000000d6400000)
  object space 96768K, 65% used [0x0000000082c00000,0x00000000869e22b0,0x0000000088a80000)
 Metaspace       used 22230K, capacity 23026K, committed 23168K, reserved 1069056K
  class space    used 2974K, capacity 3147K, committed 3200K, reserved 1048576K
}
Event: 1502.872 GC heap before
{Heap before GC invocations=611 (full 2):
 PSYoungGen      total 308736K, used 293942K [0x00000000d6400000, 0x00000000eab00000, 0x0000000100000000)
  eden space 284672K, 100% used [0x00000000d6400000,0x00000000e7a00000,0x00000000e7a00000)
  from space 24064K, 38% used [0x00000000e9380000,0x00000000e9c8d8b0,0x00000000eab00000)
  to   space 25088K, 0% used [0x00000000e7a00000,0x00000000e7a00000,0x00000000e9280000)
 ParOldGen       total 96768K, used 63368K [0x0000000082c00000, 0x0000000088a80000, 0x00000000d6400000)
  object space 96768K, 65% used [0x0000000082c00000,0x00000000869e22b0,0x0000000088a80000)
 Metaspace       used 22230K, capacity 23026K, committed 23168K, reserved 1069056K
  class space    used 2974K, capacity 3147K, committed 3200K, reserved 1048576K
Event: 1502.882 GC heap after
Heap after GC invocations=611 (full 2):
 PSYoungGen      total 309760K, used 9535K [0x00000000d6400000, 0x00000000eaf80000, 0x0000000100000000)
  eden space 284672K, 0% used [0x00000000d6400000,0x00000000d6400000,0x00000000e7a00000)
  from space 25088K, 38% used [0x00000000e7a00000,0x00000000e834fcc0,0x00000000e9280000)
  to   space 24064K, 0% used [0x00000000e9800000,0x00000000e9800000,0x00000000eaf80000)
 ParOldGen       total 96768K, used 63400K [0x0000000082c00000, 0x0000000088a80000, 0x00000000d6400000)
  object space 96768K, 65% used [0x0000000082c00000,0x00000000869ea2b0,0x0000000088a80000)
 Metaspace       used 22230K, capacity 23026K, committed 23168K, reserved 1069056K
  class space    used 2974K, capacity 3147K, committed 3200K, reserved 1048576K
}
Event: 1511.963 GC heap before
{Heap before GC invocations=612 (full 2):
 PSYoungGen      total 309760K, used 294207K [0x00000000d6400000, 0x00000000eaf80000, 0x0000000100000000)
  eden space 284672K, 100% used [0x00000000d6400000,0x00000000e7a00000,0x00000000e7a00000)
  from space 25088K, 38% used [0x00000000e7a00000,0x00000000e834fcc0,0x00000000e9280000)
  to   space 24064K, 0% used [0x00000000e9800000,0x00000000e9800000,0x00000000eaf80000)
 ParOldGen       total 96768K, used 63400K [0x0000000082c00000, 0x0000000088a80000, 0x00000000d6400000)
  object space 96768K, 65% used [0x0000000082c00000,0x00000000869ea2b0,0x0000000088a80000)
 Metaspace       used 22230K, capacity 23026K, committed 23168K, reserved 1069056K
  class space    used 2974K, capacity 3147K, committed 3200K, reserved 1048576K
Event: 1511.978 GC heap after
Heap after GC invocations=612 (full 2):
 PSYoungGen      total 315392K, used 14087K [0x00000000d6400000, 0x00000000eaf00000, 0x0000000100000000)
  eden space 291840K, 0% used [0x00000000d6400000,0x00000000d6400000,0x00000000e8100000)
  from space 23552K, 59% used [0x00000000e9800000,0x00000000ea5c1f80,0x00000000eaf00000)
  to   space 23552K, 0% used [0x00000000e8100000,0x00000000e8100000,0x00000000e9800000)
 ParOldGen       total 96768K, used 63424K [0x0000000082c00000, 0x0000000088a80000, 0x00000000d6400000)
  object space 96768K, 65% used [0x0000000082c00000,0x00000000869f02b0,0x0000000088a80000)
 Metaspace       used 22230K, capacity 23026K, committed 23168K, reserved 1069056K
  class space    used 2974K, capacity 3147K, committed 3200K, reserved 1048576K
}

